<?xml version="1.0" encoding="UTF-8"?>
<testng-results skipped="0" failed="0" total="1" passed="1">
  <reporter-output>
  </reporter-output>
  <suite name="Default suite" duration-ms="5874" started-at="2015-07-19T18:42:41Z" finished-at="2015-07-19T18:42:47Z">
    <groups>
    </groups>
    <test name="Default test" duration-ms="5874" started-at="2015-07-19T18:42:41Z" finished-at="2015-07-19T18:42:47Z">
      <class name="test.first.TestNG">
        <test-method status="PASS" signature="beforeMethod()[pri:0, instance:test.first.TestNG@68e4a47]" name="beforeMethod" is-config="true" duration-ms="5066" started-at="2015-07-20T00:12:41Z" finished-at="2015-07-20T00:12:47Z">
          <reporter-output>
          </reporter-output>
        </test-method> <!-- beforeMethod -->
        <test-method status="PASS" signature="main()[pri:0, instance:test.first.TestNG@68e4a47]" name="main" duration-ms="225" started-at="2015-07-20T00:12:47Z" finished-at="2015-07-20T00:12:47Z">
          <reporter-output>
          </reporter-output>
        </test-method> <!-- main -->
        <test-method status="PASS" signature="afterMethod()[pri:0, instance:test.first.TestNG@68e4a47]" name="afterMethod" is-config="true" duration-ms="570" started-at="2015-07-20T00:12:47Z" finished-at="2015-07-20T00:12:47Z">
          <reporter-output>
          </reporter-output>
        </test-method> <!-- afterMethod -->
      </class> <!-- test.first.TestNG -->
    </test> <!-- Default test -->
  </suite> <!-- Default suite -->
</testng-results>
