<?xml version="1.0" encoding="UTF-8"?>
<testng-results skipped="0" failed="0" total="1" passed="1">
  <reporter-output>
  </reporter-output>
  <suite name="Default suite" duration-ms="17600" started-at="2015-07-23T13:20:04Z" finished-at="2015-07-23T13:20:21Z">
    <groups>
    </groups>
    <test name="Default test" duration-ms="17600" started-at="2015-07-23T13:20:04Z" finished-at="2015-07-23T13:20:21Z">
      <class name="automation.LoginTest">
        <test-method status="PASS" signature="seleniumdrver()[pri:0, instance:automation.LoginTest@fd09ad6]" name="seleniumdrver" is-config="true" duration-ms="8" started-at="2015-07-23T18:50:04Z" finished-at="2015-07-23T18:50:04Z">
          <reporter-output>
          </reporter-output>
        </test-method> <!-- seleniumdrver -->
        <test-method status="PASS" signature="beforeMethod()[pri:0, instance:automation.LoginTest@fd09ad6]" name="beforeMethod" is-config="true" duration-ms="15824" started-at="2015-07-23T18:50:04Z" finished-at="2015-07-23T18:50:19Z">
          <reporter-output>
          </reporter-output>
        </test-method> <!-- beforeMethod -->
        <test-method status="PASS" signature="invalidsignin()[pri:0, instance:automation.LoginTest@fd09ad6]" name="invalidsignin" duration-ms="1666" started-at="2015-07-23T18:50:19Z" finished-at="2015-07-23T18:50:21Z">
          <reporter-output>
          </reporter-output>
        </test-method> <!-- invalidsignin -->
        <test-method status="PASS" signature="afterMethod()[pri:0, instance:automation.LoginTest@fd09ad6]" name="afterMethod" is-config="true" duration-ms="86" started-at="2015-07-23T18:50:21Z" finished-at="2015-07-23T18:50:21Z">
          <reporter-output>
          </reporter-output>
        </test-method> <!-- afterMethod -->
      </class> <!-- automation.LoginTest -->
    </test> <!-- Default test -->
  </suite> <!-- Default suite -->
</testng-results>
